<?xml version="1.0" encoding="UTF-8"?>
<testsuite xmlns:xsi="http://www.w3.org/2001/XMLSchema-instance" xsi:noNamespaceSchemaLocation="https://maven.apache.org/surefire/maven-surefire-plugin/xsd/surefire-test-report.xsd" name="com.mail.springbootimaplistener.SpringBootImapListenerApplicationTests" time="29.724" tests="1" errors="0" skipped="0" failures="0">
  <properties>
    <property name="sun.desktop" value="windows"/>
    <property name="awt.toolkit" value="sun.awt.windows.WToolkit"/>
    <property name="file.encoding.pkg" value="sun.io"/>
    <property name="java.specification.version" value="1.8"/>
    <property name="sun.cpu.isalist" value="amd64"/>
    <property name="sun.jnu.encoding" value="Cp1252"/>
    <property name="java.class.path" value="D:\1\Receive-Email-Engine\target\test-classes;D:\1\Receive-Email-Engine\target\classes;C:\Users\anjan\.m2\repository\org\springframework\boot\spring-boot-starter-web\2.5.3\spring-boot-starter-web-2.5.3.jar;C:\Users\anjan\.m2\repository\org\springframework\boot\spring-boot-starter\2.5.3\spring-boot-starter-2.5.3.jar;C:\Users\anjan\.m2\repository\org\springframework\boot\spring-boot-starter-logging\2.5.3\spring-boot-starter-logging-2.5.3.jar;C:\Users\anjan\.m2\repository\ch\qos\logback\logback-classic\1.2.4\logback-classic-1.2.4.jar;C:\Users\anjan\.m2\repository\ch\qos\logback\logback-core\1.2.4\logback-core-1.2.4.jar;C:\Users\anjan\.m2\repository\org\apache\logging\log4j\log4j-to-slf4j\2.14.1\log4j-to-slf4j-2.14.1.jar;C:\Users\anjan\.m2\repository\org\apache\logging\log4j\log4j-api\2.14.1\log4j-api-2.14.1.jar;C:\Users\anjan\.m2\repository\org\slf4j\jul-to-slf4j\1.7.32\jul-to-slf4j-1.7.32.jar;C:\Users\anjan\.m2\repository\jakarta\annotation\jakarta.annotation-api\1.3.5\jakarta.annotation-api-1.3.5.jar;C:\Users\anjan\.m2\repository\org\yaml\snakeyaml\1.28\snakeyaml-1.28.jar;C:\Users\anjan\.m2\repository\org\springframework\boot\spring-boot-starter-json\2.5.3\spring-boot-starter-json-2.5.3.jar;C:\Users\anjan\.m2\repository\com\fasterxml\jackson\core\jackson-databind\2.12.4\jackson-databind-2.12.4.jar;C:\Users\anjan\.m2\repository\com\fasterxml\jackson\core\jackson-annotations\2.12.4\jackson-annotations-2.12.4.jar;C:\Users\anjan\.m2\repository\com\fasterxml\jackson\core\jackson-core\2.12.4\jackson-core-2.12.4.jar;C:\Users\anjan\.m2\repository\com\fasterxml\jackson\datatype\jackson-datatype-jdk8\2.12.4\jackson-datatype-jdk8-2.12.4.jar;C:\Users\anjan\.m2\repository\com\fasterxml\jackson\datatype\jackson-datatype-jsr310\2.12.4\jackson-datatype-jsr310-2.12.4.jar;C:\Users\anjan\.m2\repository\com\fasterxml\jackson\module\jackson-module-parameter-names\2.12.4\jackson-module-parameter-names-2.12.4.jar;C:\Users\anjan\.m2\repository\org\springframework\boot\spring-boot-starter-tomcat\2.5.3\spring-boot-starter-tomcat-2.5.3.jar;C:\Users\anjan\.m2\repository\org\apache\tomcat\embed\tomcat-embed-core\9.0.50\tomcat-embed-core-9.0.50.jar;C:\Users\anjan\.m2\repository\org\apache\tomcat\embed\tomcat-embed-el\9.0.50\tomcat-embed-el-9.0.50.jar;C:\Users\anjan\.m2\repository\org\apache\tomcat\embed\tomcat-embed-websocket\9.0.50\tomcat-embed-websocket-9.0.50.jar;C:\Users\anjan\.m2\repository\org\springframework\spring-web\5.3.9\spring-web-5.3.9.jar;C:\Users\anjan\.m2\repository\org\springframework\spring-beans\5.3.9\spring-beans-5.3.9.jar;C:\Users\anjan\.m2\repository\org\springframework\spring-webmvc\5.3.9\spring-webmvc-5.3.9.jar;C:\Users\anjan\.m2\repository\org\springframework\spring-aop\5.3.9\spring-aop-5.3.9.jar;C:\Users\anjan\.m2\repository\org\springframework\spring-context\5.3.9\spring-context-5.3.9.jar;C:\Users\anjan\.m2\repository\org\springframework\spring-expression\5.3.9\spring-expression-5.3.9.jar;C:\Users\anjan\.m2\repository\org\springframework\boot\spring-boot-devtools\2.5.3\spring-boot-devtools-2.5.3.jar;C:\Users\anjan\.m2\repository\org\springframework\boot\spring-boot\2.5.3\spring-boot-2.5.3.jar;C:\Users\anjan\.m2\repository\org\springframework\boot\spring-boot-autoconfigure\2.5.3\spring-boot-autoconfigure-2.5.3.jar;C:\Users\anjan\.m2\repository\org\projectlombok\lombok\1.18.20\lombok-1.18.20.jar;C:\Users\anjan\.m2\repository\org\springframework\boot\spring-boot-starter-jdbc\2.5.3\spring-boot-starter-jdbc-2.5.3.jar;C:\Users\anjan\.m2\repository\com\zaxxer\HikariCP\4.0.3\HikariCP-4.0.3.jar;C:\Users\anjan\.m2\repository\org\slf4j\slf4j-api\1.7.32\slf4j-api-1.7.32.jar;C:\Users\anjan\.m2\repository\org\springframework\spring-jdbc\5.3.9\spring-jdbc-5.3.9.jar;C:\Users\anjan\.m2\repository\org\springframework\spring-tx\5.3.9\spring-tx-5.3.9.jar;C:\Users\anjan\.m2\repository\org\springframework\boot\spring-boot-starter-data-jpa\2.5.3\spring-boot-starter-data-jpa-2.5.3.jar;C:\Users\anjan\.m2\repository\org\springframework\boot\spring-boot-starter-aop\2.5.3\spring-boot-starter-aop-2.5.3.jar;C:\Users\anjan\.m2\repository\org\aspectj\aspectjweaver\1.9.7\aspectjweaver-1.9.7.jar;C:\Users\anjan\.m2\repository\jakarta\transaction\jakarta.transaction-api\1.3.3\jakarta.transaction-api-1.3.3.jar;C:\Users\anjan\.m2\repository\jakarta\persistence\jakarta.persistence-api\2.2.3\jakarta.persistence-api-2.2.3.jar;C:\Users\anjan\.m2\repository\org\hibernate\hibernate-core\5.4.32.Final\hibernate-core-5.4.32.Final.jar;C:\Users\anjan\.m2\repository\org\jboss\logging\jboss-logging\3.4.2.Final\jboss-logging-3.4.2.Final.jar;C:\Users\anjan\.m2\repository\org\javassist\javassist\3.27.0-GA\javassist-3.27.0-GA.jar;C:\Users\anjan\.m2\repository\net\bytebuddy\byte-buddy\1.10.22\byte-buddy-1.10.22.jar;C:\Users\anjan\.m2\repository\antlr\antlr\2.7.7\antlr-2.7.7.jar;C:\Users\anjan\.m2\repository\org\jboss\jandex\2.2.3.Final\jandex-2.2.3.Final.jar;C:\Users\anjan\.m2\repository\com\fasterxml\classmate\1.5.1\classmate-1.5.1.jar;C:\Users\anjan\.m2\repository\org\dom4j\dom4j\2.1.3\dom4j-2.1.3.jar;C:\Users\anjan\.m2\repository\org\hibernate\common\hibernate-commons-annotations\5.1.2.Final\hibernate-commons-annotations-5.1.2.Final.jar;C:\Users\anjan\.m2\repository\org\glassfish\jaxb\jaxb-runtime\2.3.4\jaxb-runtime-2.3.4.jar;C:\Users\anjan\.m2\repository\org\glassfish\jaxb\txw2\2.3.4\txw2-2.3.4.jar;C:\Users\anjan\.m2\repository\com\sun\istack\istack-commons-runtime\3.0.12\istack-commons-runtime-3.0.12.jar;C:\Users\anjan\.m2\repository\org\springframework\data\spring-data-jpa\2.5.3\spring-data-jpa-2.5.3.jar;C:\Users\anjan\.m2\repository\org\springframework\data\spring-data-commons\2.5.3\spring-data-commons-2.5.3.jar;C:\Users\anjan\.m2\repository\org\springframework\spring-orm\5.3.9\spring-orm-5.3.9.jar;C:\Users\anjan\.m2\repository\org\springframework\spring-aspects\5.3.9\spring-aspects-5.3.9.jar;C:\Users\anjan\.m2\repository\mysql\mysql-connector-java\8.0.14\mysql-connector-java-8.0.14.jar;C:\Users\anjan\.m2\repository\org\springframework\boot\spring-boot-starter-test\2.5.3\spring-boot-starter-test-2.5.3.jar;C:\Users\anjan\.m2\repository\org\springframework\boot\spring-boot-test\2.5.3\spring-boot-test-2.5.3.jar;C:\Users\anjan\.m2\repository\org\springframework\boot\spring-boot-test-autoconfigure\2.5.3\spring-boot-test-autoconfigure-2.5.3.jar;C:\Users\anjan\.m2\repository\com\jayway\jsonpath\json-path\2.5.0\json-path-2.5.0.jar;C:\Users\anjan\.m2\repository\net\minidev\json-smart\2.4.7\json-smart-2.4.7.jar;C:\Users\anjan\.m2\repository\net\minidev\accessors-smart\2.4.7\accessors-smart-2.4.7.jar;C:\Users\anjan\.m2\repository\org\ow2\asm\asm\9.1\asm-9.1.jar;C:\Users\anjan\.m2\repository\jakarta\xml\bind\jakarta.xml.bind-api\2.3.3\jakarta.xml.bind-api-2.3.3.jar;C:\Users\anjan\.m2\repository\jakarta\activation\jakarta.activation-api\1.2.2\jakarta.activation-api-1.2.2.jar;C:\Users\anjan\.m2\repository\org\assertj\assertj-core\3.19.0\assertj-core-3.19.0.jar;C:\Users\anjan\.m2\repository\org\hamcrest\hamcrest\2.2\hamcrest-2.2.jar;C:\Users\anjan\.m2\repository\org\junit\jupiter\junit-jupiter\5.7.2\junit-jupiter-5.7.2.jar;C:\Users\anjan\.m2\repository\org\junit\jupiter\junit-jupiter-api\5.7.2\junit-jupiter-api-5.7.2.jar;C:\Users\anjan\.m2\repository\org\apiguardian\apiguardian-api\1.1.0\apiguardian-api-1.1.0.jar;C:\Users\anjan\.m2\repository\org\opentest4j\opentest4j\1.2.0\opentest4j-1.2.0.jar;C:\Users\anjan\.m2\repository\org\junit\platform\junit-platform-commons\1.7.2\junit-platform-commons-1.7.2.jar;C:\Users\anjan\.m2\repository\org\junit\jupiter\junit-jupiter-params\5.7.2\junit-jupiter-params-5.7.2.jar;C:\Users\anjan\.m2\repository\org\junit\jupiter\junit-jupiter-engine\5.7.2\junit-jupiter-engine-5.7.2.jar;C:\Users\anjan\.m2\repository\org\junit\platform\junit-platform-engine\1.7.2\junit-platform-engine-1.7.2.jar;C:\Users\anjan\.m2\repository\org\mockito\mockito-core\3.9.0\mockito-core-3.9.0.jar;C:\Users\anjan\.m2\repository\net\bytebuddy\byte-buddy-agent\1.10.22\byte-buddy-agent-1.10.22.jar;C:\Users\anjan\.m2\repository\org\objenesis\objenesis\3.2\objenesis-3.2.jar;C:\Users\anjan\.m2\repository\org\mockito\mockito-junit-jupiter\3.9.0\mockito-junit-jupiter-3.9.0.jar;C:\Users\anjan\.m2\repository\org\skyscreamer\jsonassert\1.5.0\jsonassert-1.5.0.jar;C:\Users\anjan\.m2\repository\com\vaadin\external\google\android-json\0.0.20131108.vaadin1\android-json-0.0.20131108.vaadin1.jar;C:\Users\anjan\.m2\repository\org\springframework\spring-core\5.3.9\spring-core-5.3.9.jar;C:\Users\anjan\.m2\repository\org\springframework\spring-jcl\5.3.9\spring-jcl-5.3.9.jar;C:\Users\anjan\.m2\repository\org\springframework\spring-test\5.3.9\spring-test-5.3.9.jar;C:\Users\anjan\.m2\repository\org\xmlunit\xmlunit-core\2.8.2\xmlunit-core-2.8.2.jar;C:\Users\anjan\.m2\repository\org\springframework\integration\spring-integration-test\5.5.2\spring-integration-test-5.5.2.jar;C:\Users\anjan\.m2\repository\org\springframework\integration\spring-integration-core\5.5.2\spring-integration-core-5.5.2.jar;C:\Users\anjan\.m2\repository\org\springframework\spring-messaging\5.3.9\spring-messaging-5.3.9.jar;C:\Users\anjan\.m2\repository\org\springframework\retry\spring-retry\1.3.1\spring-retry-1.3.1.jar;C:\Users\anjan\.m2\repository\io\projectreactor\reactor-core\3.4.8\reactor-core-3.4.8.jar;C:\Users\anjan\.m2\repository\org\reactivestreams\reactive-streams\1.0.3\reactive-streams-1.0.3.jar;C:\Users\anjan\.m2\repository\org\springframework\integration\spring-integration-test-support\5.5.2\spring-integration-test-support-5.5.2.jar;C:\Users\anjan\.m2\repository\org\hamcrest\hamcrest-library\2.2\hamcrest-library-2.2.jar;C:\Users\anjan\.m2\repository\org\hamcrest\hamcrest-core\2.2\hamcrest-core-2.2.jar;C:\Users\anjan\.m2\repository\org\springframework\integration\spring-integration-feed\5.5.2\spring-integration-feed-5.5.2.jar;C:\Users\anjan\.m2\repository\com\rometools\rome\1.16.0\rome-1.16.0.jar;C:\Users\anjan\.m2\repository\com\rometools\rome-utils\1.16.0\rome-utils-1.16.0.jar;C:\Users\anjan\.m2\repository\org\jdom\jdom2\2.0.6\jdom2-2.0.6.jar;C:\Users\anjan\.m2\repository\org\springframework\boot\spring-boot-starter-mail\2.5.3\spring-boot-starter-mail-2.5.3.jar;C:\Users\anjan\.m2\repository\org\springframework\spring-context-support\5.3.9\spring-context-support-5.3.9.jar;C:\Users\anjan\.m2\repository\com\sun\mail\jakarta.mail\1.6.7\jakarta.mail-1.6.7.jar;C:\Users\anjan\.m2\repository\com\sun\activation\jakarta.activation\1.2.2\jakarta.activation-1.2.2.jar;C:\Users\anjan\.m2\repository\org\springframework\integration\spring-integration-mail\5.5.2\spring-integration-mail-5.5.2.jar;C:\Users\anjan\.m2\repository\commons-io\commons-io\2.7\commons-io-2.7.jar;C:\Users\anjan\.m2\repository\org\apache\commons\commons-lang3\3.11\commons-lang3-3.11.jar;C:\Users\anjan\.m2\repository\org\apache\commons\commons-email\1.5\commons-email-1.5.jar;C:\Users\anjan\.m2\repository\com\sun\mail\javax.mail\1.5.6\javax.mail-1.5.6.jar;C:\Users\anjan\.m2\repository\javax\activation\activation\1.1\activation-1.1.jar;C:\Users\anjan\.m2\repository\org\springframework\boot\spring-boot-starter-integration\2.5.3\spring-boot-starter-integration-2.5.3.jar;C:\Users\anjan\.m2\repository\org\springframework\boot\spring-boot-configuration-processor\2.5.3\spring-boot-configuration-processor-2.5.3.jar;C:\Users\anjan\.m2\repository\javax\persistence\javax.persistence-api\2.2\javax.persistence-api-2.2.jar;C:\Users\anjan\.m2\repository\org\wildfly\plugins\wildfly-maven-plugin\2.0.2.Final\wildfly-maven-plugin-2.0.2.Final.jar;C:\Users\anjan\.m2\repository\javax\inject\javax.inject\1\javax.inject-1.jar;C:\Users\anjan\.m2\repository\org\apache\commons\commons-compress\1.19\commons-compress-1.19.jar;C:\Users\anjan\.m2\repository\org\apache\maven\maven-core\3.3.1\maven-core-3.3.1.jar;C:\Users\anjan\.m2\repository\org\apache\maven\maven-model\3.3.1\maven-model-3.3.1.jar;C:\Users\anjan\.m2\repository\org\apache\maven\maven-settings\3.3.1\maven-settings-3.3.1.jar;C:\Users\anjan\.m2\repository\org\apache\maven\maven-settings-builder\3.3.1\maven-settings-builder-3.3.1.jar;C:\Users\anjan\.m2\repository\org\apache\maven\maven-builder-support\3.3.1\maven-builder-support-3.3.1.jar;C:\Users\anjan\.m2\repository\org\apache\maven\maven-repository-metadata\3.3.1\maven-repository-metadata-3.3.1.jar;C:\Users\anjan\.m2\repository\org\apache\maven\maven-artifact\3.3.1\maven-artifact-3.3.1.jar;C:\Users\anjan\.m2\repository\org\apache\maven\maven-model-builder\3.3.1\maven-model-builder-3.3.1.jar;C:\Users\anjan\.m2\repository\com\google\guava\guava\18.0\guava-18.0.jar;C:\Users\anjan\.m2\repository\org\apache\maven\maven-aether-provider\3.3.1\maven-aether-provider-3.3.1.jar;C:\Users\anjan\.m2\repository\org\eclipse\aether\aether-spi\1.0.2.v20150114\aether-spi-1.0.2.v20150114.jar;C:\Users\anjan\.m2\repository\org\eclipse\aether\aether-impl\1.0.2.v20150114\aether-impl-1.0.2.v20150114.jar;C:\Users\anjan\.m2\repository\org\eclipse\aether\aether-util\1.0.2.v20150114\aether-util-1.0.2.v20150114.jar;C:\Users\anjan\.m2\repository\org\eclipse\sisu\org.eclipse.sisu.plexus\0.3.0\org.eclipse.sisu.plexus-0.3.0.jar;C:\Users\anjan\.m2\repository\javax\enterprise\cdi-api\1.0\cdi-api-1.0.jar;C:\Users\anjan\.m2\repository\javax\annotation\jsr250-api\1.0\jsr250-api-1.0.jar;C:\Users\anjan\.m2\repository\org\eclipse\sisu\org.eclipse.sisu.inject\0.3.0\org.eclipse.sisu.inject-0.3.0.jar;C:\Users\anjan\.m2\repository\org\sonatype\sisu\sisu-guice\3.2.5\sisu-guice-3.2.5-no_aop.jar;C:\Users\anjan\.m2\repository\aopalliance\aopalliance\1.0\aopalliance-1.0.jar;C:\Users\anjan\.m2\repository\org\codehaus\plexus\plexus-interpolation\1.21\plexus-interpolation-1.21.jar;C:\Users\anjan\.m2\repository\org\codehaus\plexus\plexus-utils\3.0.20\plexus-utils-3.0.20.jar;C:\Users\anjan\.m2\repository\org\codehaus\plexus\plexus-classworlds\2.5.2\plexus-classworlds-2.5.2.jar;C:\Users\anjan\.m2\repository\org\codehaus\plexus\plexus-component-annotations\1.5.5\plexus-component-annotations-1.5.5.jar;C:\Users\anjan\.m2\repository\org\sonatype\plexus\plexus-sec-dispatcher\1.3\plexus-sec-dispatcher-1.3.jar;C:\Users\anjan\.m2\repository\org\sonatype\plexus\plexus-cipher\1.4\plexus-cipher-1.4.jar;C:\Users\anjan\.m2\repository\org\apache\maven\maven-plugin-api\3.3.1\maven-plugin-api-3.3.1.jar;C:\Users\anjan\.m2\repository\org\eclipse\aether\aether-api\1.1.0\aether-api-1.1.0.jar;C:\Users\anjan\.m2\repository\org\jboss\jdf\stacks-client\1.0.3.Final\stacks-client-1.0.3.Final.jar;C:\Users\anjan\.m2\repository\org\apache\httpcomponents\httpclient\4.5.13\httpclient-4.5.13.jar;C:\Users\anjan\.m2\repository\org\apache\httpcomponents\httpcore\4.4.14\httpcore-4.4.14.jar;C:\Users\anjan\.m2\repository\commons-codec\commons-codec\1.15\commons-codec-1.15.jar;C:\Users\anjan\.m2\repository\org\jboss\modules\jboss-modules\1.8.6.Final\jboss-modules-1.8.6.Final.jar;C:\Users\anjan\.m2\repository\org\wildfly\core\wildfly-cli\6.0.2.Final\wildfly-cli-6.0.2.Final.jar;C:\Users\anjan\.m2\repository\org\aesh\aesh-readline\1.10\aesh-readline-1.10.jar;C:\Users\anjan\.m2\repository\org\fusesource\jansi\jansi\1.17\jansi-1.17.jar;C:\Users\anjan\.m2\repository\org\aesh\aesh\1.7\aesh-1.7.jar;C:\Users\anjan\.m2\repository\org\aesh\aesh-extensions\1.6\aesh-extensions-1.6.jar;C:\Users\anjan\.m2\repository\org\jboss\staxmapper\1.3.0.Final\staxmapper-1.3.0.Final.jar;C:\Users\anjan\.m2\repository\org\wildfly\common\wildfly-common\1.4.0.Final\wildfly-common-1.4.0.Final.jar;C:\Users\anjan\.m2\repository\org\wildfly\core\wildfly-embedded\6.0.2.Final\wildfly-embedded-6.0.2.Final.jar;C:\Users\anjan\.m2\repository\org\wildfly\security\wildfly-elytron\1.6.0.Final\wildfly-elytron-1.6.0.Final.jar;C:\Users\anjan\.m2\repository\org\jboss\remoting\jboss-remoting\5.0.8.Final\jboss-remoting-5.0.8.Final.jar;C:\Users\anjan\.m2\repository\org\wildfly\client\wildfly-client-config\1.0.0.CR2\wildfly-client-config-1.0.0.CR2.jar;C:\Users\anjan\.m2\repository\org\jboss\remotingjmx\remoting-jmx\3.0.0.Final\remoting-jmx-3.0.0.Final.jar;C:\Users\anjan\.m2\repository\org\jboss\marshalling\jboss-marshalling\2.0.0.Final\jboss-marshalling-2.0.0.Final.jar;C:\Users\anjan\.m2\repository\org\jboss\marshalling\jboss-marshalling-river\2.0.0.Final\jboss-marshalling-river-2.0.0.Final.jar;C:\Users\anjan\.m2\repository\org\jboss\jboss-vfs\3.2.14.Final\jboss-vfs-3.2.14.Final.jar;C:\Users\anjan\.m2\repository\org\jboss\stdio\jboss-stdio\1.0.2.GA\jboss-stdio-1.0.2.GA.jar;C:\Program Files\Java\jdk1.8.0_301\jre\..\lib\jconsole.jar;C:\Users\anjan\.m2\repository\org\jboss\logmanager\jboss-logmanager\2.1.4.Final\jboss-logmanager-2.1.4.Final.jar;C:\Users\anjan\.m2\repository\org\wildfly\core\wildfly-controller-client\6.0.2.Final\wildfly-controller-client-6.0.2.Final.jar;C:\Users\anjan\.m2\repository\org\jboss\jboss-dmr\1.5.0.Final\jboss-dmr-1.5.0.Final.jar;C:\Users\anjan\.m2\repository\org\jboss\threads\jboss-threads\2.3.2.Final\jboss-threads-2.3.2.Final.jar;C:\Users\anjan\.m2\repository\org\wildfly\core\wildfly-launcher\6.0.2.Final\wildfly-launcher-6.0.2.Final.jar;C:\Users\anjan\.m2\repository\org\wildfly\core\wildfly-protocol\6.0.2.Final\wildfly-protocol-6.0.2.Final.jar;C:\Users\anjan\.m2\repository\org\jboss\xnio\xnio-nio\3.6.5.Final\xnio-nio-3.6.5.Final.jar;C:\Users\anjan\.m2\repository\org\wildfly\plugins\wildfly-plugin-core\2.0.2.Final\wildfly-plugin-core-2.0.2.Final.jar;"/>
    <property name="java.vm.vendor" value="Oracle Corporation"/>
    <property name="sun.arch.data.model" value="64"/>
    <property name="user.variant" value=""/>
    <property name="java.vendor.url" value="http://java.oracle.com/"/>
    <property name="user.timezone" value="Asia/Bangkok"/>
    <property name="java.vm.specification.version" value="1.8"/>
    <property name="os.name" value="Windows 10"/>
    <property name="user.country" value="ID"/>
    <property name="sun.java.launcher" value="SUN_STANDARD"/>
    <property name="sun.boot.library.path" value="C:\Program Files\Java\jdk1.8.0_301\jre\bin"/>
    <property name="sun.java.command" value="C:\Users\anjan\AppData\Local\Temp\surefire2487127160865668329\surefirebooter7852641258794256822.jar C:\Users\anjan\AppData\Local\Temp\surefire2487127160865668329 2022-02-15T10-38-56_262-jvmRun1 surefire5993105210288346503tmp surefire_07178351568351241957tmp"/>
    <property name="surefire.test.class.path" value="D:\1\Receive-Email-Engine\target\test-classes;D:\1\Receive-Email-Engine\target\classes;C:\Users\anjan\.m2\repository\org\springframework\boot\spring-boot-starter-web\2.5.3\spring-boot-starter-web-2.5.3.jar;C:\Users\anjan\.m2\repository\org\springframework\boot\spring-boot-starter\2.5.3\spring-boot-starter-2.5.3.jar;C:\Users\anjan\.m2\repository\org\springframework\boot\spring-boot-starter-logging\2.5.3\spring-boot-starter-logging-2.5.3.jar;C:\Users\anjan\.m2\repository\ch\qos\logback\logback-classic\1.2.4\logback-classic-1.2.4.jar;C:\Users\anjan\.m2\repository\ch\qos\logback\logback-core\1.2.4\logback-core-1.2.4.jar;C:\Users\anjan\.m2\repository\org\apache\logging\log4j\log4j-to-slf4j\2.14.1\log4j-to-slf4j-2.14.1.jar;C:\Users\anjan\.m2\repository\org\apache\logging\log4j\log4j-api\2.14.1\log4j-api-2.14.1.jar;C:\Users\anjan\.m2\repository\org\slf4j\jul-to-slf4j\1.7.32\jul-to-slf4j-1.7.32.jar;C:\Users\anjan\.m2\repository\jakarta\annotation\jakarta.annotation-api\1.3.5\jakarta.annotation-api-1.3.5.jar;C:\Users\anjan\.m2\repository\org\yaml\snakeyaml\1.28\snakeyaml-1.28.jar;C:\Users\anjan\.m2\repository\org\springframework\boot\spring-boot-starter-json\2.5.3\spring-boot-starter-json-2.5.3.jar;C:\Users\anjan\.m2\repository\com\fasterxml\jackson\core\jackson-databind\2.12.4\jackson-databind-2.12.4.jar;C:\Users\anjan\.m2\repository\com\fasterxml\jackson\core\jackson-annotations\2.12.4\jackson-annotations-2.12.4.jar;C:\Users\anjan\.m2\repository\com\fasterxml\jackson\core\jackson-core\2.12.4\jackson-core-2.12.4.jar;C:\Users\anjan\.m2\repository\com\fasterxml\jackson\datatype\jackson-datatype-jdk8\2.12.4\jackson-datatype-jdk8-2.12.4.jar;C:\Users\anjan\.m2\repository\com\fasterxml\jackson\datatype\jackson-datatype-jsr310\2.12.4\jackson-datatype-jsr310-2.12.4.jar;C:\Users\anjan\.m2\repository\com\fasterxml\jackson\module\jackson-module-parameter-names\2.12.4\jackson-module-parameter-names-2.12.4.jar;C:\Users\anjan\.m2\repository\org\springframework\boot\spring-boot-starter-tomcat\2.5.3\spring-boot-starter-tomcat-2.5.3.jar;C:\Users\anjan\.m2\repository\org\apache\tomcat\embed\tomcat-embed-core\9.0.50\tomcat-embed-core-9.0.50.jar;C:\Users\anjan\.m2\repository\org\apache\tomcat\embed\tomcat-embed-el\9.0.50\tomcat-embed-el-9.0.50.jar;C:\Users\anjan\.m2\repository\org\apache\tomcat\embed\tomcat-embed-websocket\9.0.50\tomcat-embed-websocket-9.0.50.jar;C:\Users\anjan\.m2\repository\org\springframework\spring-web\5.3.9\spring-web-5.3.9.jar;C:\Users\anjan\.m2\repository\org\springframework\spring-beans\5.3.9\spring-beans-5.3.9.jar;C:\Users\anjan\.m2\repository\org\springframework\spring-webmvc\5.3.9\spring-webmvc-5.3.9.jar;C:\Users\anjan\.m2\repository\org\springframework\spring-aop\5.3.9\spring-aop-5.3.9.jar;C:\Users\anjan\.m2\repository\org\springframework\spring-context\5.3.9\spring-context-5.3.9.jar;C:\Users\anjan\.m2\repository\org\springframework\spring-expression\5.3.9\spring-expression-5.3.9.jar;C:\Users\anjan\.m2\repository\org\springframework\boot\spring-boot-devtools\2.5.3\spring-boot-devtools-2.5.3.jar;C:\Users\anjan\.m2\repository\org\springframework\boot\spring-boot\2.5.3\spring-boot-2.5.3.jar;C:\Users\anjan\.m2\repository\org\springframework\boot\spring-boot-autoconfigure\2.5.3\spring-boot-autoconfigure-2.5.3.jar;C:\Users\anjan\.m2\repository\org\projectlombok\lombok\1.18.20\lombok-1.18.20.jar;C:\Users\anjan\.m2\repository\org\springframework\boot\spring-boot-starter-jdbc\2.5.3\spring-boot-starter-jdbc-2.5.3.jar;C:\Users\anjan\.m2\repository\com\zaxxer\HikariCP\4.0.3\HikariCP-4.0.3.jar;C:\Users\anjan\.m2\repository\org\slf4j\slf4j-api\1.7.32\slf4j-api-1.7.32.jar;C:\Users\anjan\.m2\repository\org\springframework\spring-jdbc\5.3.9\spring-jdbc-5.3.9.jar;C:\Users\anjan\.m2\repository\org\springframework\spring-tx\5.3.9\spring-tx-5.3.9.jar;C:\Users\anjan\.m2\repository\org\springframework\boot\spring-boot-starter-data-jpa\2.5.3\spring-boot-starter-data-jpa-2.5.3.jar;C:\Users\anjan\.m2\repository\org\springframework\boot\spring-boot-starter-aop\2.5.3\spring-boot-starter-aop-2.5.3.jar;C:\Users\anjan\.m2\repository\org\aspectj\aspectjweaver\1.9.7\aspectjweaver-1.9.7.jar;C:\Users\anjan\.m2\repository\jakarta\transaction\jakarta.transaction-api\1.3.3\jakarta.transaction-api-1.3.3.jar;C:\Users\anjan\.m2\repository\jakarta\persistence\jakarta.persistence-api\2.2.3\jakarta.persistence-api-2.2.3.jar;C:\Users\anjan\.m2\repository\org\hibernate\hibernate-core\5.4.32.Final\hibernate-core-5.4.32.Final.jar;C:\Users\anjan\.m2\repository\org\jboss\logging\jboss-logging\3.4.2.Final\jboss-logging-3.4.2.Final.jar;C:\Users\anjan\.m2\repository\org\javassist\javassist\3.27.0-GA\javassist-3.27.0-GA.jar;C:\Users\anjan\.m2\repository\net\bytebuddy\byte-buddy\1.10.22\byte-buddy-1.10.22.jar;C:\Users\anjan\.m2\repository\antlr\antlr\2.7.7\antlr-2.7.7.jar;C:\Users\anjan\.m2\repository\org\jboss\jandex\2.2.3.Final\jandex-2.2.3.Final.jar;C:\Users\anjan\.m2\repository\com\fasterxml\classmate\1.5.1\classmate-1.5.1.jar;C:\Users\anjan\.m2\repository\org\dom4j\dom4j\2.1.3\dom4j-2.1.3.jar;C:\Users\anjan\.m2\repository\org\hibernate\common\hibernate-commons-annotations\5.1.2.Final\hibernate-commons-annotations-5.1.2.Final.jar;C:\Users\anjan\.m2\repository\org\glassfish\jaxb\jaxb-runtime\2.3.4\jaxb-runtime-2.3.4.jar;C:\Users\anjan\.m2\repository\org\glassfish\jaxb\txw2\2.3.4\txw2-2.3.4.jar;C:\Users\anjan\.m2\repository\com\sun\istack\istack-commons-runtime\3.0.12\istack-commons-runtime-3.0.12.jar;C:\Users\anjan\.m2\repository\org\springframework\data\spring-data-jpa\2.5.3\spring-data-jpa-2.5.3.jar;C:\Users\anjan\.m2\repository\org\springframework\data\spring-data-commons\2.5.3\spring-data-commons-2.5.3.jar;C:\Users\anjan\.m2\repository\org\springframework\spring-orm\5.3.9\spring-orm-5.3.9.jar;C:\Users\anjan\.m2\repository\org\springframework\spring-aspects\5.3.9\spring-aspects-5.3.9.jar;C:\Users\anjan\.m2\repository\mysql\mysql-connector-java\8.0.14\mysql-connector-java-8.0.14.jar;C:\Users\anjan\.m2\repository\org\springframework\boot\spring-boot-starter-test\2.5.3\spring-boot-starter-test-2.5.3.jar;C:\Users\anjan\.m2\repository\org\springframework\boot\spring-boot-test\2.5.3\spring-boot-test-2.5.3.jar;C:\Users\anjan\.m2\repository\org\springframework\boot\spring-boot-test-autoconfigure\2.5.3\spring-boot-test-autoconfigure-2.5.3.jar;C:\Users\anjan\.m2\repository\com\jayway\jsonpath\json-path\2.5.0\json-path-2.5.0.jar;C:\Users\anjan\.m2\repository\net\minidev\json-smart\2.4.7\json-smart-2.4.7.jar;C:\Users\anjan\.m2\repository\net\minidev\accessors-smart\2.4.7\accessors-smart-2.4.7.jar;C:\Users\anjan\.m2\repository\org\ow2\asm\asm\9.1\asm-9.1.jar;C:\Users\anjan\.m2\repository\jakarta\xml\bind\jakarta.xml.bind-api\2.3.3\jakarta.xml.bind-api-2.3.3.jar;C:\Users\anjan\.m2\repository\jakarta\activation\jakarta.activation-api\1.2.2\jakarta.activation-api-1.2.2.jar;C:\Users\anjan\.m2\repository\org\assertj\assertj-core\3.19.0\assertj-core-3.19.0.jar;C:\Users\anjan\.m2\repository\org\hamcrest\hamcrest\2.2\hamcrest-2.2.jar;C:\Users\anjan\.m2\repository\org\junit\jupiter\junit-jupiter\5.7.2\junit-jupiter-5.7.2.jar;C:\Users\anjan\.m2\repository\org\junit\jupiter\junit-jupiter-api\5.7.2\junit-jupiter-api-5.7.2.jar;C:\Users\anjan\.m2\repository\org\apiguardian\apiguardian-api\1.1.0\apiguardian-api-1.1.0.jar;C:\Users\anjan\.m2\repository\org\opentest4j\opentest4j\1.2.0\opentest4j-1.2.0.jar;C:\Users\anjan\.m2\repository\org\junit\platform\junit-platform-commons\1.7.2\junit-platform-commons-1.7.2.jar;C:\Users\anjan\.m2\repository\org\junit\jupiter\junit-jupiter-params\5.7.2\junit-jupiter-params-5.7.2.jar;C:\Users\anjan\.m2\repository\org\junit\jupiter\junit-jupiter-engine\5.7.2\junit-jupiter-engine-5.7.2.jar;C:\Users\anjan\.m2\repository\org\junit\platform\junit-platform-engine\1.7.2\junit-platform-engine-1.7.2.jar;C:\Users\anjan\.m2\repository\org\mockito\mockito-core\3.9.0\mockito-core-3.9.0.jar;C:\Users\anjan\.m2\repository\net\bytebuddy\byte-buddy-agent\1.10.22\byte-buddy-agent-1.10.22.jar;C:\Users\anjan\.m2\repository\org\objenesis\objenesis\3.2\objenesis-3.2.jar;C:\Users\anjan\.m2\repository\org\mockito\mockito-junit-jupiter\3.9.0\mockito-junit-jupiter-3.9.0.jar;C:\Users\anjan\.m2\repository\org\skyscreamer\jsonassert\1.5.0\jsonassert-1.5.0.jar;C:\Users\anjan\.m2\repository\com\vaadin\external\google\android-json\0.0.20131108.vaadin1\android-json-0.0.20131108.vaadin1.jar;C:\Users\anjan\.m2\repository\org\springframework\spring-core\5.3.9\spring-core-5.3.9.jar;C:\Users\anjan\.m2\repository\org\springframework\spring-jcl\5.3.9\spring-jcl-5.3.9.jar;C:\Users\anjan\.m2\repository\org\springframework\spring-test\5.3.9\spring-test-5.3.9.jar;C:\Users\anjan\.m2\repository\org\xmlunit\xmlunit-core\2.8.2\xmlunit-core-2.8.2.jar;C:\Users\anjan\.m2\repository\org\springframework\integration\spring-integration-test\5.5.2\spring-integration-test-5.5.2.jar;C:\Users\anjan\.m2\repository\org\springframework\integration\spring-integration-core\5.5.2\spring-integration-core-5.5.2.jar;C:\Users\anjan\.m2\repository\org\springframework\spring-messaging\5.3.9\spring-messaging-5.3.9.jar;C:\Users\anjan\.m2\repository\org\springframework\retry\spring-retry\1.3.1\spring-retry-1.3.1.jar;C:\Users\anjan\.m2\repository\io\projectreactor\reactor-core\3.4.8\reactor-core-3.4.8.jar;C:\Users\anjan\.m2\repository\org\reactivestreams\reactive-streams\1.0.3\reactive-streams-1.0.3.jar;C:\Users\anjan\.m2\repository\org\springframework\integration\spring-integration-test-support\5.5.2\spring-integration-test-support-5.5.2.jar;C:\Users\anjan\.m2\repository\org\hamcrest\hamcrest-library\2.2\hamcrest-library-2.2.jar;C:\Users\anjan\.m2\repository\org\hamcrest\hamcrest-core\2.2\hamcrest-core-2.2.jar;C:\Users\anjan\.m2\repository\org\springframework\integration\spring-integration-feed\5.5.2\spring-integration-feed-5.5.2.jar;C:\Users\anjan\.m2\repository\com\rometools\rome\1.16.0\rome-1.16.0.jar;C:\Users\anjan\.m2\repository\com\rometools\rome-utils\1.16.0\rome-utils-1.16.0.jar;C:\Users\anjan\.m2\repository\org\jdom\jdom2\2.0.6\jdom2-2.0.6.jar;C:\Users\anjan\.m2\repository\org\springframework\boot\spring-boot-starter-mail\2.5.3\spring-boot-starter-mail-2.5.3.jar;C:\Users\anjan\.m2\repository\org\springframework\spring-context-support\5.3.9\spring-context-support-5.3.9.jar;C:\Users\anjan\.m2\repository\com\sun\mail\jakarta.mail\1.6.7\jakarta.mail-1.6.7.jar;C:\Users\anjan\.m2\repository\com\sun\activation\jakarta.activation\1.2.2\jakarta.activation-1.2.2.jar;C:\Users\anjan\.m2\repository\org\springframework\integration\spring-integration-mail\5.5.2\spring-integration-mail-5.5.2.jar;C:\Users\anjan\.m2\repository\commons-io\commons-io\2.7\commons-io-2.7.jar;C:\Users\anjan\.m2\repository\org\apache\commons\commons-lang3\3.11\commons-lang3-3.11.jar;C:\Users\anjan\.m2\repository\org\apache\commons\commons-email\1.5\commons-email-1.5.jar;C:\Users\anjan\.m2\repository\com\sun\mail\javax.mail\1.5.6\javax.mail-1.5.6.jar;C:\Users\anjan\.m2\repository\javax\activation\activation\1.1\activation-1.1.jar;C:\Users\anjan\.m2\repository\org\springframework\boot\spring-boot-starter-integration\2.5.3\spring-boot-starter-integration-2.5.3.jar;C:\Users\anjan\.m2\repository\org\springframework\boot\spring-boot-configuration-processor\2.5.3\spring-boot-configuration-processor-2.5.3.jar;C:\Users\anjan\.m2\repository\javax\persistence\javax.persistence-api\2.2\javax.persistence-api-2.2.jar;C:\Users\anjan\.m2\repository\org\wildfly\plugins\wildfly-maven-plugin\2.0.2.Final\wildfly-maven-plugin-2.0.2.Final.jar;C:\Users\anjan\.m2\repository\javax\inject\javax.inject\1\javax.inject-1.jar;C:\Users\anjan\.m2\repository\org\apache\commons\commons-compress\1.19\commons-compress-1.19.jar;C:\Users\anjan\.m2\repository\org\apache\maven\maven-core\3.3.1\maven-core-3.3.1.jar;C:\Users\anjan\.m2\repository\org\apache\maven\maven-model\3.3.1\maven-model-3.3.1.jar;C:\Users\anjan\.m2\repository\org\apache\maven\maven-settings\3.3.1\maven-settings-3.3.1.jar;C:\Users\anjan\.m2\repository\org\apache\maven\maven-settings-builder\3.3.1\maven-settings-builder-3.3.1.jar;C:\Users\anjan\.m2\repository\org\apache\maven\maven-builder-support\3.3.1\maven-builder-support-3.3.1.jar;C:\Users\anjan\.m2\repository\org\apache\maven\maven-repository-metadata\3.3.1\maven-repository-metadata-3.3.1.jar;C:\Users\anjan\.m2\repository\org\apache\maven\maven-artifact\3.3.1\maven-artifact-3.3.1.jar;C:\Users\anjan\.m2\repository\org\apache\maven\maven-model-builder\3.3.1\maven-model-builder-3.3.1.jar;C:\Users\anjan\.m2\repository\com\google\guava\guava\18.0\guava-18.0.jar;C:\Users\anjan\.m2\repository\org\apache\maven\maven-aether-provider\3.3.1\maven-aether-provider-3.3.1.jar;C:\Users\anjan\.m2\repository\org\eclipse\aether\aether-spi\1.0.2.v20150114\aether-spi-1.0.2.v20150114.jar;C:\Users\anjan\.m2\repository\org\eclipse\aether\aether-impl\1.0.2.v20150114\aether-impl-1.0.2.v20150114.jar;C:\Users\anjan\.m2\repository\org\eclipse\aether\aether-util\1.0.2.v20150114\aether-util-1.0.2.v20150114.jar;C:\Users\anjan\.m2\repository\org\eclipse\sisu\org.eclipse.sisu.plexus\0.3.0\org.eclipse.sisu.plexus-0.3.0.jar;C:\Users\anjan\.m2\repository\javax\enterprise\cdi-api\1.0\cdi-api-1.0.jar;C:\Users\anjan\.m2\repository\javax\annotation\jsr250-api\1.0\jsr250-api-1.0.jar;C:\Users\anjan\.m2\repository\org\eclipse\sisu\org.eclipse.sisu.inject\0.3.0\org.eclipse.sisu.inject-0.3.0.jar;C:\Users\anjan\.m2\repository\org\sonatype\sisu\sisu-guice\3.2.5\sisu-guice-3.2.5-no_aop.jar;C:\Users\anjan\.m2\repository\aopalliance\aopalliance\1.0\aopalliance-1.0.jar;C:\Users\anjan\.m2\repository\org\codehaus\plexus\plexus-interpolation\1.21\plexus-interpolation-1.21.jar;C:\Users\anjan\.m2\repository\org\codehaus\plexus\plexus-utils\3.0.20\plexus-utils-3.0.20.jar;C:\Users\anjan\.m2\repository\org\codehaus\plexus\plexus-classworlds\2.5.2\plexus-classworlds-2.5.2.jar;C:\Users\anjan\.m2\repository\org\codehaus\plexus\plexus-component-annotations\1.5.5\plexus-component-annotations-1.5.5.jar;C:\Users\anjan\.m2\repository\org\sonatype\plexus\plexus-sec-dispatcher\1.3\plexus-sec-dispatcher-1.3.jar;C:\Users\anjan\.m2\repository\org\sonatype\plexus\plexus-cipher\1.4\plexus-cipher-1.4.jar;C:\Users\anjan\.m2\repository\org\apache\maven\maven-plugin-api\3.3.1\maven-plugin-api-3.3.1.jar;C:\Users\anjan\.m2\repository\org\eclipse\aether\aether-api\1.1.0\aether-api-1.1.0.jar;C:\Users\anjan\.m2\repository\org\jboss\jdf\stacks-client\1.0.3.Final\stacks-client-1.0.3.Final.jar;C:\Users\anjan\.m2\repository\org\apache\httpcomponents\httpclient\4.5.13\httpclient-4.5.13.jar;C:\Users\anjan\.m2\repository\org\apache\httpcomponents\httpcore\4.4.14\httpcore-4.4.14.jar;C:\Users\anjan\.m2\repository\commons-codec\commons-codec\1.15\commons-codec-1.15.jar;C:\Users\anjan\.m2\repository\org\jboss\modules\jboss-modules\1.8.6.Final\jboss-modules-1.8.6.Final.jar;C:\Users\anjan\.m2\repository\org\wildfly\core\wildfly-cli\6.0.2.Final\wildfly-cli-6.0.2.Final.jar;C:\Users\anjan\.m2\repository\org\aesh\aesh-readline\1.10\aesh-readline-1.10.jar;C:\Users\anjan\.m2\repository\org\fusesource\jansi\jansi\1.17\jansi-1.17.jar;C:\Users\anjan\.m2\repository\org\aesh\aesh\1.7\aesh-1.7.jar;C:\Users\anjan\.m2\repository\org\aesh\aesh-extensions\1.6\aesh-extensions-1.6.jar;C:\Users\anjan\.m2\repository\org\jboss\staxmapper\1.3.0.Final\staxmapper-1.3.0.Final.jar;C:\Users\anjan\.m2\repository\org\wildfly\common\wildfly-common\1.4.0.Final\wildfly-common-1.4.0.Final.jar;C:\Users\anjan\.m2\repository\org\wildfly\core\wildfly-embedded\6.0.2.Final\wildfly-embedded-6.0.2.Final.jar;C:\Users\anjan\.m2\repository\org\wildfly\security\wildfly-elytron\1.6.0.Final\wildfly-elytron-1.6.0.Final.jar;C:\Users\anjan\.m2\repository\org\jboss\remoting\jboss-remoting\5.0.8.Final\jboss-remoting-5.0.8.Final.jar;C:\Users\anjan\.m2\repository\org\wildfly\client\wildfly-client-config\1.0.0.CR2\wildfly-client-config-1.0.0.CR2.jar;C:\Users\anjan\.m2\repository\org\jboss\remotingjmx\remoting-jmx\3.0.0.Final\remoting-jmx-3.0.0.Final.jar;C:\Users\anjan\.m2\repository\org\jboss\marshalling\jboss-marshalling\2.0.0.Final\jboss-marshalling-2.0.0.Final.jar;C:\Users\anjan\.m2\repository\org\jboss\marshalling\jboss-marshalling-river\2.0.0.Final\jboss-marshalling-river-2.0.0.Final.jar;C:\Users\anjan\.m2\repository\org\jboss\jboss-vfs\3.2.14.Final\jboss-vfs-3.2.14.Final.jar;C:\Users\anjan\.m2\repository\org\jboss\stdio\jboss-stdio\1.0.2.GA\jboss-stdio-1.0.2.GA.jar;C:\Program Files\Java\jdk1.8.0_301\jre\..\lib\jconsole.jar;C:\Users\anjan\.m2\repository\org\jboss\logmanager\jboss-logmanager\2.1.4.Final\jboss-logmanager-2.1.4.Final.jar;C:\Users\anjan\.m2\repository\org\wildfly\core\wildfly-controller-client\6.0.2.Final\wildfly-controller-client-6.0.2.Final.jar;C:\Users\anjan\.m2\repository\org\jboss\jboss-dmr\1.5.0.Final\jboss-dmr-1.5.0.Final.jar;C:\Users\anjan\.m2\repository\org\jboss\threads\jboss-threads\2.3.2.Final\jboss-threads-2.3.2.Final.jar;C:\Users\anjan\.m2\repository\org\wildfly\core\wildfly-launcher\6.0.2.Final\wildfly-launcher-6.0.2.Final.jar;C:\Users\anjan\.m2\repository\org\wildfly\core\wildfly-protocol\6.0.2.Final\wildfly-protocol-6.0.2.Final.jar;C:\Users\anjan\.m2\repository\org\jboss\xnio\xnio-nio\3.6.5.Final\xnio-nio-3.6.5.Final.jar;C:\Users\anjan\.m2\repository\org\wildfly\plugins\wildfly-plugin-core\2.0.2.Final\wildfly-plugin-core-2.0.2.Final.jar;"/>
    <property name="sun.cpu.endian" value="little"/>
    <property name="user.home" value="C:\Users\anjan"/>
    <property name="user.language" value="en"/>
    <property name="java.specification.vendor" value="Oracle Corporation"/>
    <property name="java.home" value="C:\Program Files\Java\jdk1.8.0_301\jre"/>
    <property name="basedir" value="D:\1\Receive-Email-Engine"/>
    <property name="file.separator" value="\"/>
    <property name="line.separator" value="&#10;"/>
    <property name="java.vm.specification.vendor" value="Oracle Corporation"/>
    <property name="java.specification.name" value="Java Platform API Specification"/>
    <property name="java.awt.graphicsenv" value="sun.awt.Win32GraphicsEnvironment"/>
    <property name="surefire.real.class.path" value="C:\Users\anjan\AppData\Local\Temp\surefire2487127160865668329\surefirebooter7852641258794256822.jar"/>
    <property name="sun.boot.class.path" value="C:\Program Files\Java\jdk1.8.0_301\jre\lib\resources.jar;C:\Program Files\Java\jdk1.8.0_301\jre\lib\rt.jar;C:\Program Files\Java\jdk1.8.0_301\jre\lib\sunrsasign.jar;C:\Program Files\Java\jdk1.8.0_301\jre\lib\jsse.jar;C:\Program Files\Java\jdk1.8.0_301\jre\lib\jce.jar;C:\Program Files\Java\jdk1.8.0_301\jre\lib\charsets.jar;C:\Program Files\Java\jdk1.8.0_301\jre\lib\jfr.jar;C:\Program Files\Java\jdk1.8.0_301\jre\classes"/>
    <property name="user.script" value=""/>
    <property name="sun.management.compiler" value="HotSpot 64-Bit Tiered Compilers"/>
    <property name="java.runtime.version" value="1.8.0_301-b09"/>
    <property name="user.name" value="anjan"/>
    <property name="path.separator" value=";"/>
    <property name="os.version" value="10.0"/>
    <property name="java.endorsed.dirs" value="C:\Program Files\Java\jdk1.8.0_301\jre\lib\endorsed"/>
    <property name="java.runtime.name" value="Java(TM) SE Runtime Environment"/>
    <property name="file.encoding" value="Cp1252"/>
    <property name="java.vm.name" value="Java HotSpot(TM) 64-Bit Server VM"/>
    <property name="localRepository" value="C:\Users\anjan\.m2\repository"/>
    <property name="java.vendor.url.bug" value="http://bugreport.sun.com/bugreport/"/>
    <property name="java.io.tmpdir" value="C:\Users\anjan\AppData\Local\Temp\"/>
    <property name="java.version" value="1.8.0_301"/>
    <property name="user.dir" value="D:\1\Receive-Email-Engine"/>
    <property name="os.arch" value="amd64"/>
    <property name="java.vm.specification.name" value="Java Virtual Machine Specification"/>
    <property name="java.awt.printerjob" value="sun.awt.windows.WPrinterJob"/>
    <property name="sun.os.patch.level" value=""/>
    <property name="java.library.path" value="C:\Program Files\Java\jdk1.8.0_301\jre\bin;C:\Windows\Sun\Java\bin;C:\Windows\system32;C:\Windows;C:\Users\anjan\bin;C:\Program Files\Git\mingw64\bin;C:\Program Files\Git\usr\local\bin;C:\Program Files\Git\usr\bin;C:\Program Files\Git\usr\bin;C:\Program Files\Git\mingw64\bin;C:\Program Files\Git\usr\bin;C:\Users\anjan\bin;C:\Program Files (x86)\Common Files\Oracle\Java\javapath;C:\Windows\system32;C:\Windows;C:\Windows\System32\Wbem;C:\Windows\System32\WindowsPowerShell\v1.0;C:\Windows\System32\OpenSSH;E:\xampp\php;C:\ProgramData\ComposerSetup\bin;C:\Program Files\Git\cmd;C:\opt\apache-maven-3.8.2\bin;C:\Program Files\Java\jdk1.8.0_301\bin;C:\ProgramData\chocolatey\bin;C:\Program Files\nodejs;C:\Program Files\PuTTY;C:\Users\anjan\AppData\Local\Microsoft\WindowsApps;C:\Users\anjan\AppData\Roaming\Composer\vendor\bin;C:\Users\anjan\AppData\Local\Programs\Microsoft VS Code\bin;C:\src\flutter\bin;C:\Users\anjan\AppData\Roaming\npm;C:\Python2;C:\Python2\Scripts;C:\Program Files\Git\usr\bin\vendor_perl;C:\Program Files\Git\usr\bin\core_perl;."/>
    <property name="java.vm.info" value="mixed mode"/>
    <property name="java.vendor" value="Oracle Corporation"/>
    <property name="java.vm.version" value="25.301-b09"/>
    <property name="java.ext.dirs" value="C:\Program Files\Java\jdk1.8.0_301\jre\lib\ext;C:\Windows\Sun\Java\lib\ext"/>
    <property name="sun.io.unicode.encoding" value="UnicodeLittle"/>
    <property name="java.class.version" value="52.0"/>
  </properties>
  <testcase name="contextLoads" classname="com.mail.springbootimaplistener.SpringBootImapListenerApplicationTests" time="0.368"/>
</testsuite>